mode: set
github.com/fenriz07/Golang-Transbank-WebPay-Rest/pkg/transaction/transaction.go:18.122,31.16 4 1
github.com/fenriz07/Golang-Transbank-WebPay-Rest/pkg/transaction/transaction.go:35.2,37.39 2 1
github.com/fenriz07/Golang-Transbank-WebPay-Rest/pkg/transaction/transaction.go:31.16,33.3 1 0
github.com/fenriz07/Golang-Transbank-WebPay-Rest/pkg/transaction/transaction.go:42.71,49.16 4 1
github.com/fenriz07/Golang-Transbank-WebPay-Rest/pkg/transaction/transaction.go:53.2,55.39 2 1
github.com/fenriz07/Golang-Transbank-WebPay-Rest/pkg/transaction/transaction.go:49.16,51.3 1 0
github.com/fenriz07/Golang-Transbank-WebPay-Rest/pkg/transaction/transaction.go:62.74,70.16 4 1
github.com/fenriz07/Golang-Transbank-WebPay-Rest/pkg/transaction/transaction.go:74.2,76.39 2 1
github.com/fenriz07/Golang-Transbank-WebPay-Rest/pkg/transaction/transaction.go:70.16,72.3 1 0
github.com/fenriz07/Golang-Transbank-WebPay-Rest/pkg/transaction/transaction.go:81.83,92.16 5 1
github.com/fenriz07/Golang-Transbank-WebPay-Rest/pkg/transaction/transaction.go:96.2,98.16 2 1
github.com/fenriz07/Golang-Transbank-WebPay-Rest/pkg/transaction/transaction.go:102.2,102.39 1 1
github.com/fenriz07/Golang-Transbank-WebPay-Rest/pkg/transaction/transaction.go:92.16,94.3 1 0
github.com/fenriz07/Golang-Transbank-WebPay-Rest/pkg/transaction/transaction.go:98.16,100.3 1 0
github.com/fenriz07/Golang-Transbank-WebPay-Rest/pkg/client/clientWebPaySuccess.go:17.111,21.68 2 0
github.com/fenriz07/Golang-Transbank-WebPay-Rest/pkg/client/clientWebPaySuccess.go:34.2,42.16 5 0
github.com/fenriz07/Golang-Transbank-WebPay-Rest/pkg/client/clientWebPaySuccess.go:46.2,46.18 1 0
github.com/fenriz07/Golang-Transbank-WebPay-Rest/pkg/client/clientWebPaySuccess.go:21.68,23.3 1 0
github.com/fenriz07/Golang-Transbank-WebPay-Rest/pkg/client/clientWebPaySuccess.go:23.8,23.99 1 0
github.com/fenriz07/Golang-Transbank-WebPay-Rest/pkg/client/clientWebPaySuccess.go:23.99,32.3 1 0
github.com/fenriz07/Golang-Transbank-WebPay-Rest/pkg/client/clientWebPaySuccess.go:42.16,44.3 1 0
github.com/fenriz07/Golang-Transbank-WebPay-Rest/pkg/client/clientWebPaySuccess.go:50.81,78.16 6 0
github.com/fenriz07/Golang-Transbank-WebPay-Rest/pkg/client/clientWebPaySuccess.go:82.2,82.18 1 0
github.com/fenriz07/Golang-Transbank-WebPay-Rest/pkg/client/clientWebPaySuccess.go:78.16,80.3 1 0
github.com/fenriz07/Golang-Transbank-WebPay-Rest/pkg/client/clientWebPaySuccess.go:86.81,114.16 6 0
github.com/fenriz07/Golang-Transbank-WebPay-Rest/pkg/client/clientWebPaySuccess.go:118.2,118.18 1 0
github.com/fenriz07/Golang-Transbank-WebPay-Rest/pkg/client/clientWebPaySuccess.go:114.16,116.3 1 0
github.com/fenriz07/Golang-Transbank-WebPay-Rest/pkg/client/error.go:12.70,16.2 3 1
github.com/fenriz07/Golang-Transbank-WebPay-Rest/pkg/client/error.go:18.38,20.2 1 0
github.com/fenriz07/Golang-Transbank-WebPay-Rest/pkg/client/helpers.go:10.47,16.2 3 1
github.com/fenriz07/Golang-Transbank-WebPay-Rest/pkg/client/helpers.go:18.57,24.2 1 1
github.com/fenriz07/Golang-Transbank-WebPay-Rest/pkg/client/helpers.go:26.62,28.2 1 1
github.com/fenriz07/Golang-Transbank-WebPay-Rest/pkg/client/helpers.go:30.51,35.40 3 1
github.com/fenriz07/Golang-Transbank-WebPay-Rest/pkg/client/helpers.go:50.2,50.12 1 1
github.com/fenriz07/Golang-Transbank-WebPay-Rest/pkg/client/helpers.go:35.40,43.17 4 1
github.com/fenriz07/Golang-Transbank-WebPay-Rest/pkg/client/helpers.go:47.3,47.20 1 1
github.com/fenriz07/Golang-Transbank-WebPay-Rest/pkg/client/helpers.go:43.17,45.4 1 0
github.com/fenriz07/Golang-Transbank-WebPay-Rest/pkg/client/httpclient.go:16.102,25.16 4 1
github.com/fenriz07/Golang-Transbank-WebPay-Rest/pkg/client/httpclient.go:30.2,32.16 2 1
github.com/fenriz07/Golang-Transbank-WebPay-Rest/pkg/client/httpclient.go:36.2,36.18 1 1
github.com/fenriz07/Golang-Transbank-WebPay-Rest/pkg/client/httpclient.go:25.16,28.3 2 0
github.com/fenriz07/Golang-Transbank-WebPay-Rest/pkg/client/httpclient.go:32.16,34.3 1 1
github.com/fenriz07/Golang-Transbank-WebPay-Rest/pkg/client/httpclient.go:40.72,48.16 4 1
github.com/fenriz07/Golang-Transbank-WebPay-Rest/pkg/client/httpclient.go:53.2,55.16 2 1
github.com/fenriz07/Golang-Transbank-WebPay-Rest/pkg/client/httpclient.go:59.2,59.18 1 1
github.com/fenriz07/Golang-Transbank-WebPay-Rest/pkg/client/httpclient.go:48.16,51.3 2 0
github.com/fenriz07/Golang-Transbank-WebPay-Rest/pkg/client/httpclient.go:55.16,57.3 1 0
github.com/fenriz07/Golang-Transbank-WebPay-Rest/pkg/client/httpclient.go:63.72,72.16 4 1
github.com/fenriz07/Golang-Transbank-WebPay-Rest/pkg/client/httpclient.go:77.2,79.16 2 1
github.com/fenriz07/Golang-Transbank-WebPay-Rest/pkg/client/httpclient.go:83.2,83.18 1 1
github.com/fenriz07/Golang-Transbank-WebPay-Rest/pkg/client/httpclient.go:72.16,75.3 2 0
github.com/fenriz07/Golang-Transbank-WebPay-Rest/pkg/client/httpclient.go:79.16,81.3 1 0
github.com/fenriz07/Golang-Transbank-WebPay-Rest/pkg/client/client.go:14.37,18.17 2 0
github.com/fenriz07/Golang-Transbank-WebPay-Rest/pkg/client/client.go:18.17,20.27 1 0
github.com/fenriz07/Golang-Transbank-WebPay-Rest/pkg/client/client.go:20.27,22.4 1 0
github.com/fenriz07/Golang-Transbank-WebPay-Rest/pkg/client/client.go:22.9,22.44 1 0
github.com/fenriz07/Golang-Transbank-WebPay-Rest/pkg/client/client.go:22.44,24.4 1 0
github.com/fenriz07/Golang-Transbank-WebPay-Rest/pkg/client/client.go:29.27,31.2 1 0
