mode: set
github.com/fenriz07/Golang-Transbank-WebPay-Rest/pkg/client/helpers.go:10.47,16.2 3 1
github.com/fenriz07/Golang-Transbank-WebPay-Rest/pkg/client/helpers.go:18.57,24.2 1 1
github.com/fenriz07/Golang-Transbank-WebPay-Rest/pkg/client/helpers.go:26.62,28.2 1 1
github.com/fenriz07/Golang-Transbank-WebPay-Rest/pkg/client/helpers.go:30.71,35.40 3 1
github.com/fenriz07/Golang-Transbank-WebPay-Rest/pkg/client/helpers.go:50.2,50.12 1 0
github.com/fenriz07/Golang-Transbank-WebPay-Rest/pkg/client/helpers.go:35.40,43.17 4 1
github.com/fenriz07/Golang-Transbank-WebPay-Rest/pkg/client/helpers.go:47.3,47.20 1 1
github.com/fenriz07/Golang-Transbank-WebPay-Rest/pkg/client/helpers.go:43.17,45.4 1 0
github.com/fenriz07/Golang-Transbank-WebPay-Rest/pkg/client/client.go:20.20,24.17 2 0
github.com/fenriz07/Golang-Transbank-WebPay-Rest/pkg/client/client.go:24.17,26.3 1 0
github.com/fenriz07/Golang-Transbank-WebPay-Rest/pkg/client/client.go:30.32,32.2 1 0
github.com/fenriz07/Golang-Transbank-WebPay-Rest/pkg/client/client.go:35.102,44.16 4 1
github.com/fenriz07/Golang-Transbank-WebPay-Rest/pkg/client/client.go:49.2,51.16 2 1
github.com/fenriz07/Golang-Transbank-WebPay-Rest/pkg/client/client.go:55.2,55.18 1 0
github.com/fenriz07/Golang-Transbank-WebPay-Rest/pkg/client/client.go:44.16,47.3 2 0
github.com/fenriz07/Golang-Transbank-WebPay-Rest/pkg/client/client.go:51.16,53.3 1 1
github.com/fenriz07/Golang-Transbank-WebPay-Rest/pkg/client/client.go:59.72,67.16 4 0
github.com/fenriz07/Golang-Transbank-WebPay-Rest/pkg/client/client.go:72.2,74.16 2 0
github.com/fenriz07/Golang-Transbank-WebPay-Rest/pkg/client/client.go:78.2,78.18 1 0
github.com/fenriz07/Golang-Transbank-WebPay-Rest/pkg/client/client.go:67.16,70.3 2 0
github.com/fenriz07/Golang-Transbank-WebPay-Rest/pkg/client/client.go:74.16,76.3 1 0
github.com/fenriz07/Golang-Transbank-WebPay-Rest/pkg/client/client.go:82.72,91.16 4 0
github.com/fenriz07/Golang-Transbank-WebPay-Rest/pkg/client/client.go:96.2,98.16 2 0
github.com/fenriz07/Golang-Transbank-WebPay-Rest/pkg/client/client.go:102.2,102.18 1 0
github.com/fenriz07/Golang-Transbank-WebPay-Rest/pkg/client/client.go:91.16,94.3 2 0
github.com/fenriz07/Golang-Transbank-WebPay-Rest/pkg/client/client.go:98.16,100.3 1 0
github.com/fenriz07/Golang-Transbank-WebPay-Rest/pkg/client/error.go:12.70,16.2 3 1
github.com/fenriz07/Golang-Transbank-WebPay-Rest/pkg/client/error.go:18.38,20.2 1 0
